frontend/app/build/intermediates/manifest_merge_blame_file/debug/manifest-merger-blame-debug-report.txt
1<?xml version="1.0" encoding="utf-8"?>
2<manifest xmlns:android="http://schemas.android.com/apk/res/android"
3    package="com.mcc.g22"
4    android:versionCode="1"
5    android:versionName="1.0" >
6
7    <uses-sdk
8        android:minSdkVersion="26"
8-->src/main/AndroidManifest.xml
9        android:targetSdkVersion="29" />
9-->src/main/AndroidManifest.xml
10
11    <uses-permission android:name="android.permission.READ_EXTERNAL_STORAGE" />
11-->src/main/AndroidManifest.xml:5:5-80
11-->src/main/AndroidManifest.xml:5:22-77
12    <uses-permission android:name="android.permission.WRITE_EXTERNAL_STORAGE" />
12-->src/main/AndroidManifest.xml:6:5-81
12-->src/main/AndroidManifest.xml:6:22-78
13    <uses-permission android:name="android.permission.RECEIVE_BOOT_COMPLETED" />
13-->src/main/AndroidManifest.xml:7:5-81
13-->src/main/AndroidManifest.xml:7:22-78
14    <uses-permission android:name="android.permission.ACCESS_NETWORK_STATE" />
14-->[com.firebaseui:firebase-ui-auth:4.3.1] AndroidManifest.xml:12:5-79
14-->[com.firebaseui:firebase-ui-auth:4.3.1] AndroidManifest.xml:12:22-76
15    <uses-permission android:name="android.permission.INTERNET" />
15-->[com.firebaseui:firebase-ui-auth:4.3.1] AndroidManifest.xml:13:5-67
15-->[com.firebaseui:firebase-ui-auth:4.3.1] AndroidManifest.xml:13:22-64
16    <uses-permission android:name="android.permission.WAKE_LOCK" /> <!-- Required by older versions of Google Play services to create IID tokens -->
16-->[com.google.android.gms:play-services-measurement-api:17.2.1] AndroidManifest.xml:24:5-68
16-->[com.google.android.gms:play-services-measurement-api:17.2.1] AndroidManifest.xml:24:22-65
17    <uses-permission android:name="com.google.android.c2dm.permission.RECEIVE" />
17-->[com.google.firebase:firebase-iid:19.0.0] AndroidManifest.xml:26:5-82
17-->[com.google.firebase:firebase-iid:19.0.0] AndroidManifest.xml:26:22-79
18    <uses-permission android:name="com.google.android.finsky.permission.BIND_GET_INSTALL_REFERRER_SERVICE" />
18-->[com.google.android.gms:play-services-measurement:17.2.1] AndroidManifest.xml:26:5-110
18-->[com.google.android.gms:play-services-measurement:17.2.1] AndroidManifest.xml:26:22-107
19
20    <application
20-->src/main/AndroidManifest.xml:9:5-77:19
21        android:allowBackup="true"
21-->src/main/AndroidManifest.xml:11:9-35
22        android:appComponentFactory="androidx.core.app.CoreComponentFactory"
22-->[androidx.core:core:1.1.0] AndroidManifest.xml:24:18-86
23        android:debuggable="true"
24        android:icon="@mipmap/ic_launcher"
24-->src/main/AndroidManifest.xml:12:9-43
25        android:label="@string/app_name"
25-->src/main/AndroidManifest.xml:13:9-41
26        android:requestLegacyExternalStorage="true"
26-->src/main/AndroidManifest.xml:10:9-52
27        android:roundIcon="@mipmap/ic_launcher_round"
27-->src/main/AndroidManifest.xml:14:9-54
28        android:supportsRtl="true"
28-->src/main/AndroidManifest.xml:15:9-35
29        android:testOnly="true"
30        android:theme="@style/AppTheme" >
30-->src/main/AndroidManifest.xml:16:9-40
31        <activity android:name="com.mcc.g22.reportgenerator.ReportPreviewActivity" />
31-->src/main/AndroidManifest.xml:18:9-84
31-->src/main/AndroidManifest.xml:18:19-72
32
33        <receiver
33-->src/main/AndroidManifest.xml:20:9-23:39
34            android:name="com.mcc.g22.DeadlineAlarmReceiver"
34-->src/main/AndroidManifest.xml:21:13-50
35            android:enabled="true"
35-->src/main/AndroidManifest.xml:22:13-35
36            android:exported="true" />
36-->src/main/AndroidManifest.xml:23:13-36
37
38        <service
38-->src/main/AndroidManifest.xml:25:9-28:39
39            android:name="com.mcc.g22.NotificationsService"
39-->src/main/AndroidManifest.xml:26:13-49
40            android:enabled="true"
40-->src/main/AndroidManifest.xml:27:13-35
41            android:exported="true" />
41-->src/main/AndroidManifest.xml:28:13-36
42
43        <receiver
43-->src/main/AndroidManifest.xml:30:9-37:20
44            android:name="com.mcc.g22.BootCompletedReceiver"
44-->src/main/AndroidManifest.xml:31:13-50
45            android:enabled="true"
45-->src/main/AndroidManifest.xml:32:13-35
46            android:exported="true" >
46-->src/main/AndroidManifest.xml:33:13-36
47            <intent-filter>
47-->src/main/AndroidManifest.xml:34:13-36:29
48                <action android:name="android.intent.action.BOOT_COMPLETED" />
48-->src/main/AndroidManifest.xml:35:17-79
48-->src/main/AndroidManifest.xml:35:25-76
49            </intent-filter>
50        </receiver>
51
52        <activity android:name="com.mcc.g22.EditProfileActivity" />
52-->src/main/AndroidManifest.xml:39:9-66
52-->src/main/AndroidManifest.xml:39:19-54
53        <activity android:name="com.mcc.g22.ResetPasswordActivity" />
53-->src/main/AndroidManifest.xml:40:9-59
53-->src/main/AndroidManifest.xml:40:19-56
54        <activity android:name="com.mcc.g22.HomeActivity" />
54-->src/main/AndroidManifest.xml:41:9-50
54-->src/main/AndroidManifest.xml:41:19-47
55        <activity android:name="com.mcc.g22.AllProjectsActivity" />
55-->src/main/AndroidManifest.xml:42:9-66
55-->src/main/AndroidManifest.xml:42:19-54
56        <activity android:name="com.mcc.g22.FavoritesActivity" />
56-->src/main/AndroidManifest.xml:43:9-55
56-->src/main/AndroidManifest.xml:43:19-52
57        <activity android:name="com.mcc.g22.CreateProjectActivity" />
57-->src/main/AndroidManifest.xml:44:9-59
57-->src/main/AndroidManifest.xml:44:19-56
58        <activity android:name="com.mcc.g22.CreateTaskActivity" />
58-->src/main/AndroidManifest.xml:45:9-56
58-->src/main/AndroidManifest.xml:45:19-53
59        <activity android:name="com.mcc.g22.MyTasksActivity" />
59-->src/main/AndroidManifest.xml:46:9-53
59-->src/main/AndroidManifest.xml:46:19-50
60        <activity android:name="com.mcc.g22.DashboardActivity" />
60-->src/main/AndroidManifest.xml:47:9-55
60-->src/main/AndroidManifest.xml:47:19-52
61        <activity android:name="com.mcc.g22.LoginActivity" >
61-->src/main/AndroidManifest.xml:48:9-55:20
61-->src/main/AndroidManifest.xml:48:19-48
62            <intent-filter>
62-->src/main/AndroidManifest.xml:50:13-54:29
63                <action android:name="android.intent.action.MAIN" />
63-->src/main/AndroidManifest.xml:51:17-69
63-->src/main/AndroidManifest.xml:51:25-66
64
65                <category android:name="android.intent.category.LAUNCHER" />
65-->src/main/AndroidManifest.xml:53:17-77
65-->src/main/AndroidManifest.xml:53:27-74
66            </intent-filter>
67        </activity>
68
69        <provider
70            android:name="com.mcc.g22.reportgenerator.GenericFileProvider"
70-->src/main/AndroidManifest.xml:59:13-64
71            android:authorities="com.mcc.g22.fileprovider"
71-->src/main/AndroidManifest.xml:60:13-64
72            android:exported="false"
72-->src/main/AndroidManifest.xml:61:13-37
73            android:grantUriPermissions="true" >
73-->src/main/AndroidManifest.xml:62:13-47
74            <meta-data
74-->src/main/AndroidManifest.xml:63:13-65:57
75                android:name="android.support.FILE_PROVIDER_PATHS"
75-->src/main/AndroidManifest.xml:64:17-67
76                android:resource="@xml/provider_paths" />
76-->src/main/AndroidManifest.xml:65:17-55
77        </provider>
78
79        <meta-data
79-->src/main/AndroidManifest.xml:68:9-70:35
80            android:name="com.google.firebase.ml.vision.DEPENDENCIES"
80-->src/main/AndroidManifest.xml:69:13-70
81            android:value="ocr" />
81-->src/main/AndroidManifest.xml:70:13-32
82
83        <activity android:name="com.mcc.g22.RegisterActivity" />
83-->src/main/AndroidManifest.xml:71:9-54
83-->src/main/AndroidManifest.xml:71:19-51
84
85        <meta-data
85-->src/main/AndroidManifest.xml:73:9-75:57
86            android:name="preloaded_fonts"
86-->src/main/AndroidManifest.xml:74:13-43
87            android:resource="@array/preloaded_fonts" />
87-->src/main/AndroidManifest.xml:75:13-54
88        <meta-data
88-->[com.firebaseui:firebase-ui-auth:4.3.1] AndroidManifest.xml:16:9-18:69
89            android:name="com.google.android.gms.version"
89-->[com.firebaseui:firebase-ui-auth:4.3.1] AndroidManifest.xml:17:13-58
90            android:value="@integer/google_play_services_version" />
90-->[com.firebaseui:firebase-ui-auth:4.3.1] AndroidManifest.xml:18:13-66
91        <meta-data
91-->[com.firebaseui:firebase-ui-auth:4.3.1] AndroidManifest.xml:19:9-21:63
92            android:name="com.facebook.sdk.ApplicationId"
92-->[com.firebaseui:firebase-ui-auth:4.3.1] AndroidManifest.xml:20:13-58
93            android:value="@string/facebook_application_id" />
93-->[com.firebaseui:firebase-ui-auth:4.3.1] AndroidManifest.xml:21:13-60
94
95        <activity
95-->[com.firebaseui:firebase-ui-auth:4.3.1] AndroidManifest.xml:23:9-27:61
96            android:name="com.firebase.ui.auth.KickoffActivity"
96-->[com.firebaseui:firebase-ui-auth:4.3.1] AndroidManifest.xml:24:13-64
97            android:exported="false"
97-->[com.firebaseui:firebase-ui-auth:4.3.1] AndroidManifest.xml:25:13-37
98            android:label=""
98-->[com.firebaseui:firebase-ui-auth:4.3.1] AndroidManifest.xml:26:13-29
99            android:theme="@style/FirebaseUI.Transparent" />
99-->[com.firebaseui:firebase-ui-auth:4.3.1] AndroidManifest.xml:27:13-58
100        <activity
100-->[com.firebaseui:firebase-ui-auth:4.3.1] AndroidManifest.xml:28:9-32:61
101            android:name="com.firebase.ui.auth.ui.idp.SingleSignInActivity"
101-->[com.firebaseui:firebase-ui-auth:4.3.1] AndroidManifest.xml:29:13-76
102            android:exported="false"
102-->[com.firebaseui:firebase-ui-auth:4.3.1] AndroidManifest.xml:30:13-37
103            android:label=""
103-->[com.firebaseui:firebase-ui-auth:4.3.1] AndroidManifest.xml:31:13-29
104            android:theme="@style/FirebaseUI.Transparent" />
104-->[com.firebaseui:firebase-ui-auth:4.3.1] AndroidManifest.xml:32:13-58
105        <activity
105-->[com.firebaseui:firebase-ui-auth:4.3.1] AndroidManifest.xml:33:9-37:61
106            android:name="com.firebase.ui.auth.ui.credentials.CredentialSaveActivity"
106-->[com.firebaseui:firebase-ui-auth:4.3.1] AndroidManifest.xml:34:13-86
107            android:exported="false"
107-->[com.firebaseui:firebase-ui-auth:4.3.1] AndroidManifest.xml:35:13-37
108            android:label=""
108-->[com.firebaseui:firebase-ui-auth:4.3.1] AndroidManifest.xml:36:13-29
109            android:theme="@style/FirebaseUI.Transparent" />
109-->[com.firebaseui:firebase-ui-auth:4.3.1] AndroidManifest.xml:37:13-58
110        <activity
110-->[com.firebaseui:firebase-ui-auth:4.3.1] AndroidManifest.xml:38:9-42:58
111            android:name="com.firebase.ui.auth.ui.email.RecoverPasswordActivity"
111-->[com.firebaseui:firebase-ui-auth:4.3.1] AndroidManifest.xml:39:13-81
112            android:exported="false"
112-->[com.firebaseui:firebase-ui-auth:4.3.1] AndroidManifest.xml:40:13-37
113            android:label="@string/fui_title_recover_password_activity"
113-->[com.firebaseui:firebase-ui-auth:4.3.1] AndroidManifest.xml:41:13-72
114            android:windowSoftInputMode="adjustResize" />
114-->[com.firebaseui:firebase-ui-auth:4.3.1] AndroidManifest.xml:42:13-55
115        <activity
115-->[com.firebaseui:firebase-ui-auth:4.3.1] AndroidManifest.xml:43:9-47:58
116            android:name="com.firebase.ui.auth.ui.email.EmailActivity"
116-->[com.firebaseui:firebase-ui-auth:4.3.1] AndroidManifest.xml:44:13-71
117            android:exported="false"
117-->[com.firebaseui:firebase-ui-auth:4.3.1] AndroidManifest.xml:45:13-37
118            android:label="@string/fui_sign_in_default"
118-->[com.firebaseui:firebase-ui-auth:4.3.1] AndroidManifest.xml:46:13-56
119            android:windowSoftInputMode="adjustResize" />
119-->[com.firebaseui:firebase-ui-auth:4.3.1] AndroidManifest.xml:47:13-55
120        <activity
120-->[com.firebaseui:firebase-ui-auth:4.3.1] AndroidManifest.xml:48:9-52:77
121            android:name="com.firebase.ui.auth.ui.phone.PhoneActivity"
121-->[com.firebaseui:firebase-ui-auth:4.3.1] AndroidManifest.xml:49:13-71
122            android:exported="false"
122-->[com.firebaseui:firebase-ui-auth:4.3.1] AndroidManifest.xml:50:13-37
123            android:label="@string/fui_sign_in_with_phone_number"
123-->[com.firebaseui:firebase-ui-auth:4.3.1] AndroidManifest.xml:51:13-66
124            android:windowSoftInputMode="adjustResize|stateAlwaysVisible" />
124-->[com.firebaseui:firebase-ui-auth:4.3.1] AndroidManifest.xml:52:13-74
125        <activity
125-->[com.firebaseui:firebase-ui-auth:4.3.1] AndroidManifest.xml:53:9-57:58
126            android:name="com.firebase.ui.auth.ui.idp.WelcomeBackIdpPrompt"
126-->[com.firebaseui:firebase-ui-auth:4.3.1] AndroidManifest.xml:54:13-76
127            android:exported="false"
127-->[com.firebaseui:firebase-ui-auth:4.3.1] AndroidManifest.xml:55:13-37
128            android:label="@string/fui_title_welcome_back_idp_prompt"
128-->[com.firebaseui:firebase-ui-auth:4.3.1] AndroidManifest.xml:56:13-70
129            android:windowSoftInputMode="adjustResize" />
129-->[com.firebaseui:firebase-ui-auth:4.3.1] AndroidManifest.xml:57:13-55
130        <activity
130-->[com.firebaseui:firebase-ui-auth:4.3.1] AndroidManifest.xml:58:9-62:58
131            android:name="com.firebase.ui.auth.ui.email.WelcomeBackPasswordPrompt"
131-->[com.firebaseui:firebase-ui-auth:4.3.1] AndroidManifest.xml:59:13-83
132            android:exported="false"
132-->[com.firebaseui:firebase-ui-auth:4.3.1] AndroidManifest.xml:60:13-37
133            android:label="@string/fui_title_welcome_back_password_prompt"
133-->[com.firebaseui:firebase-ui-auth:4.3.1] AndroidManifest.xml:61:13-75
134            android:windowSoftInputMode="adjustResize" />
134-->[com.firebaseui:firebase-ui-auth:4.3.1] AndroidManifest.xml:62:13-55
135        <activity
135-->[com.firebaseui:firebase-ui-auth:4.3.1] AndroidManifest.xml:63:9-67:58
136            android:name="com.firebase.ui.auth.ui.email.WelcomeBackEmailLinkPrompt"
136-->[com.firebaseui:firebase-ui-auth:4.3.1] AndroidManifest.xml:64:13-84
137            android:exported="false"
137-->[com.firebaseui:firebase-ui-auth:4.3.1] AndroidManifest.xml:65:13-37
138            android:label="@string/fui_title_welcome_back_password_prompt"
138-->[com.firebaseui:firebase-ui-auth:4.3.1] AndroidManifest.xml:66:13-75
139            android:windowSoftInputMode="adjustResize" />
139-->[com.firebaseui:firebase-ui-auth:4.3.1] AndroidManifest.xml:67:13-55
140        <activity
140-->[com.firebaseui:firebase-ui-auth:4.3.1] AndroidManifest.xml:68:9-73:58
141            android:name="com.firebase.ui.auth.ui.email.EmailLinkCatcherActivity"
141-->[com.firebaseui:firebase-ui-auth:4.3.1] AndroidManifest.xml:69:13-82
142            android:exported="false"
142-->[com.firebaseui:firebase-ui-auth:4.3.1] AndroidManifest.xml:70:13-37
143            android:label=""
143-->[com.firebaseui:firebase-ui-auth:4.3.1] AndroidManifest.xml:71:13-29
144            android:theme="@style/FirebaseUI.Transparent"
144-->[com.firebaseui:firebase-ui-auth:4.3.1] AndroidManifest.xml:72:13-58
145            android:windowSoftInputMode="adjustResize" />
145-->[com.firebaseui:firebase-ui-auth:4.3.1] AndroidManifest.xml:73:13-55
146        <activity
146-->[com.firebaseui:firebase-ui-auth:4.3.1] AndroidManifest.xml:74:9-78:58
147            android:name="com.firebase.ui.auth.ui.email.EmailLinkErrorRecoveryActivity"
147-->[com.firebaseui:firebase-ui-auth:4.3.1] AndroidManifest.xml:75:13-88
148            android:exported="false"
148-->[com.firebaseui:firebase-ui-auth:4.3.1] AndroidManifest.xml:76:13-37
149            android:label="@string/fui_sign_in_default"
149-->[com.firebaseui:firebase-ui-auth:4.3.1] AndroidManifest.xml:77:13-56
150            android:windowSoftInputMode="adjustResize" />
150-->[com.firebaseui:firebase-ui-auth:4.3.1] AndroidManifest.xml:78:13-55
151        <activity
151-->[com.firebaseui:firebase-ui-auth:4.3.1] AndroidManifest.xml:79:9-82:65
152            android:name="com.firebase.ui.auth.ui.idp.AuthMethodPickerActivity"
152-->[com.firebaseui:firebase-ui-auth:4.3.1] AndroidManifest.xml:80:13-80
153            android:exported="false"
153-->[com.firebaseui:firebase-ui-auth:4.3.1] AndroidManifest.xml:81:13-37
154            android:label="@string/fui_default_toolbar_title" />
154-->[com.firebaseui:firebase-ui-auth:4.3.1] AndroidManifest.xml:82:13-62
155        <activity
155-->[com.firebaseui:firebase-ui-auth:4.3.1] AndroidManifest.xml:83:9-87:48
156            android:name="com.facebook.FacebookActivity"
156-->[com.firebaseui:firebase-ui-auth:4.3.1] AndroidManifest.xml:84:13-57
157            android:configChanges="keyboard|keyboardHidden|screenLayout|screenSize|orientation"
157-->[com.firebaseui:firebase-ui-auth:4.3.1] AndroidManifest.xml:85:13-96
158            android:label="@string/app_name" />
158-->[com.firebaseui:firebase-ui-auth:4.3.1] AndroidManifest.xml:86:13-45
159        <activity
159-->[com.firebaseui:firebase-ui-auth:4.3.1] AndroidManifest.xml:88:9-100:20
160            android:name="com.facebook.CustomTabActivity"
160-->[com.firebaseui:firebase-ui-auth:4.3.1] AndroidManifest.xml:89:13-58
161            android:exported="true" >
161-->[com.firebaseui:firebase-ui-auth:4.3.1] AndroidManifest.xml:90:13-36
162            <intent-filter>
162-->[com.firebaseui:firebase-ui-auth:4.3.1] AndroidManifest.xml:92:13-99:29
163                <action android:name="android.intent.action.VIEW" />
163-->[com.firebaseui:firebase-ui-auth:4.3.1] AndroidManifest.xml:93:17-69
163-->[com.firebaseui:firebase-ui-auth:4.3.1] AndroidManifest.xml:93:25-66
164
165                <category android:name="android.intent.category.DEFAULT" />
165-->[com.firebaseui:firebase-ui-auth:4.3.1] AndroidManifest.xml:95:17-76
165-->[com.firebaseui:firebase-ui-auth:4.3.1] AndroidManifest.xml:95:27-73
166                <category android:name="android.intent.category.BROWSABLE" />
166-->[com.firebaseui:firebase-ui-auth:4.3.1] AndroidManifest.xml:96:17-78
166-->[com.firebaseui:firebase-ui-auth:4.3.1] AndroidManifest.xml:96:27-75
167
168                <data android:scheme="@string/facebook_login_protocol_scheme" />
168-->[com.firebaseui:firebase-ui-auth:4.3.1] AndroidManifest.xml:98:17-81
168-->[com.firebaseui:firebase-ui-auth:4.3.1] AndroidManifest.xml:98:23-78
169            </intent-filter>
170        </activity>
171
172        <provider
172-->[com.firebaseui:firebase-ui-auth:4.3.1] AndroidManifest.xml:102:9-106:38
173            android:name="com.firebase.ui.auth.data.client.AuthUiInitProvider"
173-->[com.firebaseui:firebase-ui-auth:4.3.1] AndroidManifest.xml:103:13-79
174            android:authorities="com.mcc.g22.authuiinitprovider"
174-->[com.firebaseui:firebase-ui-auth:4.3.1] AndroidManifest.xml:104:13-70
175            android:exported="false"
175-->[com.firebaseui:firebase-ui-auth:4.3.1] AndroidManifest.xml:105:13-37
176            android:initOrder="90" />
176-->[com.firebaseui:firebase-ui-auth:4.3.1] AndroidManifest.xml:106:13-35
177
178        <service
178-->[com.google.firebase:firebase-ml-vision:24.0.1] AndroidManifest.xml:9:9-15:19
179            android:name="com.google.firebase.components.ComponentDiscoveryService"
179-->[com.google.firebase:firebase-ml-vision:24.0.1] AndroidManifest.xml:10:13-84
180            android:directBootAware="true"
180-->[com.google.firebase:firebase-common:19.3.0] AndroidManifest.xml:34:13-43
181            android:exported="false" >
181-->[com.google.firebase:firebase-ml-vision:24.0.1] AndroidManifest.xml:11:13-37
182            <meta-data
182-->[com.google.firebase:firebase-ml-vision:24.0.1] AndroidManifest.xml:12:13-14:85
183                android:name="com.google.firebase.components:com.google.firebase.ml.vision.VisionRegistrar"
183-->[com.google.firebase:firebase-ml-vision:24.0.1] AndroidManifest.xml:13:17-108
184                android:value="com.google.firebase.components.ComponentRegistrar" />
184-->[com.google.firebase:firebase-ml-vision:24.0.1] AndroidManifest.xml:14:17-82
185            <meta-data
185-->[com.google.firebase:firebase-database:19.2.0] AndroidManifest.xml:32:13-34:85
186                android:name="com.google.firebase.components:com.google.firebase.database.DatabaseRegistrar"
186-->[com.google.firebase:firebase-database:19.2.0] AndroidManifest.xml:33:17-109
187                android:value="com.google.firebase.components.ComponentRegistrar" />
187-->[com.google.firebase:firebase-database:19.2.0] AndroidManifest.xml:34:17-82
188            <meta-data
188-->[com.google.firebase:firebase-storage:19.1.0] AndroidManifest.xml:33:13-35:85
189                android:name="com.google.firebase.components:com.google.firebase.storage.StorageRegistrar"
189-->[com.google.firebase:firebase-storage:19.1.0] AndroidManifest.xml:34:17-107
190                android:value="com.google.firebase.components.ComponentRegistrar" />
190-->[com.google.firebase:firebase-storage:19.1.0] AndroidManifest.xml:35:17-82
191            <meta-data
191-->[com.google.firebase:firebase-auth:19.2.0] AndroidManifest.xml:36:13-38:85
192                android:name="com.google.firebase.components:com.google.firebase.auth.FirebaseAuthRegistrar"
192-->[com.google.firebase:firebase-auth:19.2.0] AndroidManifest.xml:37:17-109
193                android:value="com.google.firebase.components.ComponentRegistrar" />
193-->[com.google.firebase:firebase-auth:19.2.0] AndroidManifest.xml:38:17-82
194            <meta-data
194-->[com.google.firebase:firebase-ml-common:22.0.1] AndroidManifest.xml:11:13-13:85
195                android:name="com.google.firebase.components:com.google.firebase.ml.common.CommonComponentRegistrar"
195-->[com.google.firebase:firebase-ml-common:22.0.1] AndroidManifest.xml:12:17-117
196                android:value="com.google.firebase.components.ComponentRegistrar" />
196-->[com.google.firebase:firebase-ml-common:22.0.1] AndroidManifest.xml:13:17-82
197            <meta-data
197-->[com.google.android.gms:play-services-measurement-api:17.2.1] AndroidManifest.xml:30:13-32:85
198                android:name="com.google.firebase.components:com.google.firebase.analytics.connector.internal.AnalyticsConnectorRegistrar"
198-->[com.google.android.gms:play-services-measurement-api:17.2.1] AndroidManifest.xml:31:17-139
199                android:value="com.google.firebase.components.ComponentRegistrar" />
199-->[com.google.android.gms:play-services-measurement-api:17.2.1] AndroidManifest.xml:32:17-82
200            <meta-data
200-->[com.google.firebase:firebase-iid:19.0.0] AndroidManifest.xml:32:13-34:85
201                android:name="com.google.firebase.components:com.google.firebase.iid.Registrar"
201-->[com.google.firebase:firebase-iid:19.0.0] AndroidManifest.xml:33:17-96
202                android:value="com.google.firebase.components.ComponentRegistrar" />
202-->[com.google.firebase:firebase-iid:19.0.0] AndroidManifest.xml:34:17-82
203        </service>
204
205        <activity
205-->[com.google.firebase:firebase-auth:19.2.0] AndroidManifest.xml:24:9-31:50
206            android:name="com.google.firebase.auth.internal.FederatedSignInActivity"
206-->[com.google.firebase:firebase-auth:19.2.0] AndroidManifest.xml:25:13-85
207            android:excludeFromRecents="true"
207-->[com.google.firebase:firebase-auth:19.2.0] AndroidManifest.xml:26:13-46
208            android:exported="true"
208-->[com.google.firebase:firebase-auth:19.2.0] AndroidManifest.xml:27:13-36
209            android:launchMode="singleTask"
209-->[com.google.firebase:firebase-auth:19.2.0] AndroidManifest.xml:28:13-44
210            android:permission="com.google.firebase.auth.api.gms.permission.LAUNCH_FEDERATED_SIGN_IN"
210-->[com.google.firebase:firebase-auth:19.2.0] AndroidManifest.xml:29:13-102
211            android:theme="@android:style/Theme.Translucent.NoTitleBar" />
211-->[com.google.firebase:firebase-auth:19.2.0] AndroidManifest.xml:30:13-72
212        <activity
212-->[com.google.android.gms:play-services-auth:16.0.1] AndroidManifest.xml:23:9-27:75
213            android:name="com.google.android.gms.auth.api.signin.internal.SignInHubActivity"
213-->[com.google.android.gms:play-services-auth:16.0.1] AndroidManifest.xml:24:13-93
214            android:excludeFromRecents="true"
214-->[com.google.android.gms:play-services-auth:16.0.1] AndroidManifest.xml:25:13-46
215            android:exported="false"
215-->[com.google.android.gms:play-services-auth:16.0.1] AndroidManifest.xml:26:13-37
216            android:theme="@android:style/Theme.Translucent.NoTitleBar" />
216-->[com.google.android.gms:play-services-auth:16.0.1] AndroidManifest.xml:27:13-72
217        <!--
218            Service handling Google Sign-In user revocation. For apps that do not integrate with
219            Google Sign-In, this service will never be started.
220        -->
221        <service
221-->[com.google.android.gms:play-services-auth:16.0.1] AndroidManifest.xml:33:9-36:110
222            android:name="com.google.android.gms.auth.api.signin.RevocationBoundService"
222-->[com.google.android.gms:play-services-auth:16.0.1] AndroidManifest.xml:34:13-89
223            android:exported="true"
223-->[com.google.android.gms:play-services-auth:16.0.1] AndroidManifest.xml:35:13-36
224            android:permission="com.google.android.gms.auth.api.signin.permission.REVOCATION_NOTIFICATION" />
224-->[com.google.android.gms:play-services-auth:16.0.1] AndroidManifest.xml:36:13-107
225
226        <receiver
226-->[com.google.firebase:firebase-iid:19.0.0] AndroidManifest.xml:37:9-44:20
227            android:name="com.google.firebase.iid.FirebaseInstanceIdReceiver"
227-->[com.google.firebase:firebase-iid:19.0.0] AndroidManifest.xml:38:13-78
228            android:exported="true"
228-->[com.google.firebase:firebase-iid:19.0.0] AndroidManifest.xml:39:13-36
229            android:permission="com.google.android.c2dm.permission.SEND" >
229-->[com.google.firebase:firebase-iid:19.0.0] AndroidManifest.xml:40:13-73
230            <intent-filter>
230-->[com.google.firebase:firebase-iid:19.0.0] AndroidManifest.xml:41:13-43:29
231                <action android:name="com.google.android.c2dm.intent.RECEIVE" />
231-->[com.google.firebase:firebase-iid:19.0.0] AndroidManifest.xml:42:17-81
231-->[com.google.firebase:firebase-iid:19.0.0] AndroidManifest.xml:42:25-78
232            </intent-filter>
233        </receiver>
234
235        <activity
235-->[com.google.android.gms:play-services-base:17.1.0] AndroidManifest.xml:23:9-26:75
236            android:name="com.google.android.gms.common.api.GoogleApiActivity"
236-->[com.google.android.gms:play-services-base:17.1.0] AndroidManifest.xml:24:13-79
237            android:exported="false"
237-->[com.google.android.gms:play-services-base:17.1.0] AndroidManifest.xml:25:13-37
238            android:theme="@android:style/Theme.Translucent.NoTitleBar" />
238-->[com.google.android.gms:play-services-base:17.1.0] AndroidManifest.xml:26:13-72
239
240        <provider
240-->[com.google.firebase:firebase-common:19.3.0] AndroidManifest.xml:26:9-30:39
241            android:name="com.google.firebase.provider.FirebaseInitProvider"
241-->[com.google.firebase:firebase-common:19.3.0] AndroidManifest.xml:27:13-77
242            android:authorities="com.mcc.g22.firebaseinitprovider"
242-->[com.google.firebase:firebase-common:19.3.0] AndroidManifest.xml:28:13-72
243            android:exported="false"
243-->[com.google.firebase:firebase-common:19.3.0] AndroidManifest.xml:29:13-37
244            android:initOrder="100" />
244-->[com.google.firebase:firebase-common:19.3.0] AndroidManifest.xml:30:13-36
245
246        <receiver
246-->[com.google.android.gms:play-services-measurement:17.2.1] AndroidManifest.xml:29:9-33:20
247            android:name="com.google.android.gms.measurement.AppMeasurementReceiver"
247-->[com.google.android.gms:play-services-measurement:17.2.1] AndroidManifest.xml:30:13-85
248            android:enabled="true"
248-->[com.google.android.gms:play-services-measurement:17.2.1] AndroidManifest.xml:31:13-35
249            android:exported="false" >
249-->[com.google.android.gms:play-services-measurement:17.2.1] AndroidManifest.xml:32:13-37
250        </receiver>
251        <receiver
251-->[com.google.android.gms:play-services-measurement:17.2.1] AndroidManifest.xml:34:9-42:20
252            android:name="com.google.android.gms.measurement.AppMeasurementInstallReferrerReceiver"
252-->[com.google.android.gms:play-services-measurement:17.2.1] AndroidManifest.xml:35:13-100
253            android:enabled="true"
253-->[com.google.android.gms:play-services-measurement:17.2.1] AndroidManifest.xml:36:13-35
254            android:exported="true"
254-->[com.google.android.gms:play-services-measurement:17.2.1] AndroidManifest.xml:37:13-36
255            android:permission="android.permission.INSTALL_PACKAGES" >
255-->[com.google.android.gms:play-services-measurement:17.2.1] AndroidManifest.xml:38:13-69
256            <intent-filter>
256-->[com.google.android.gms:play-services-measurement:17.2.1] AndroidManifest.xml:39:13-41:29
257                <action android:name="com.android.vending.INSTALL_REFERRER" />
257-->[com.google.android.gms:play-services-measurement:17.2.1] AndroidManifest.xml:40:17-79
257-->[com.google.android.gms:play-services-measurement:17.2.1] AndroidManifest.xml:40:25-76
258            </intent-filter>
259        </receiver>
260
261        <service
261-->[com.google.android.gms:play-services-measurement:17.2.1] AndroidManifest.xml:44:9-47:40
262            android:name="com.google.android.gms.measurement.AppMeasurementService"
262-->[com.google.android.gms:play-services-measurement:17.2.1] AndroidManifest.xml:45:13-84
263            android:enabled="true"
263-->[com.google.android.gms:play-services-measurement:17.2.1] AndroidManifest.xml:46:13-35
264            android:exported="false" />
264-->[com.google.android.gms:play-services-measurement:17.2.1] AndroidManifest.xml:47:13-37
265        <service